<?xml version="1.0" encoding="UTF-8"?>
<!-- Generated by org.testng.reporters.JUnitReportReporter -->
<testsuite hostname="Bikash" failures="0" tests="1" name="tripAdvisorTest.RatingTest" time="54.257" errors="0" timestamp="01 Jan 2020 10:18:02 GMT" skipped="0">
  <testcase classname="tripAdvisorTest.RatingTest" name="ratingTest" time="54.257"/>
</testsuite> <!-- tripAdvisorTest.RatingTest -->
