<?xml version="1.0" encoding="UTF-8"?>
<!-- Generated by org.testng.reporters.JUnitReportReporter -->
<testsuite hostname="Bikash" failures="0" tests="1" name="amazonFlipkartPrice.IphonePriceTest" time="8.360" errors="0" timestamp="01 Jan 2020 10:18:02 GMT" skipped="0">
  <testcase classname="amazonFlipkartPrice.IphonePriceTest" name="iphonePriceCompareTest" time="8.360"/>
</testsuite> <!-- amazonFlipkartPrice.IphonePriceTest -->
